<html>
<head>
<title>TestNG:  Default test</title>
<link href="../testng.css" rel="stylesheet" type="text/css" />
<link href="../my-testng.css" rel="stylesheet" type="text/css" />

<style type="text/css">
.log { display: none;} 
.stack-trace { display: none;} 
</style>
<script type="text/javascript">
<!--
function flip(e) {
  current = e.style.display;
  if (current == 'block') {
    e.style.display = 'none';
    return 0;
  }
  else {
    e.style.display = 'block';
    return 1;
  }
}

function toggleBox(szDivId, elem, msg1, msg2)
{
  var res = -1;  if (document.getElementById) {
    res = flip(document.getElementById(szDivId));
  }
  else if (document.all) {
    // this is the way old msie versions work
    res = flip(document.all[szDivId]);
  }
  if(elem) {
    if(res == 0) elem.innerHTML = msg1; else elem.innerHTML = msg2;
  }

}

function toggleAllBoxes() {
  if (document.getElementsByTagName) {
    d = document.getElementsByTagName('div');
    for (i = 0; i < d.length; i++) {
      if (d[i].className == 'log') {
        flip(d[i]);
      }
    }
  }
}

// -->
</script>

</head>
<body>
<h2 align='center'>Default test</h2><table border='1' align="center">
<tr>
<td>Tests passed/Failed/Skipped:</td><td>2/1/0</td>
</tr><tr>
<td>Started on:</td><td>Fri Jul 13 17:33:02 IST 2018</td>
</tr>
<tr><td>Total time:</td><td>28 seconds (28049 ms)</td>
</tr><tr>
<td>Included groups:</td><td></td>
</tr><tr>
<td>Excluded groups:</td><td></td>
</tr>
</table><p/>
<small><i>(Hover the method name to see the test class name)</i></small><p/>
<table width='100%' border='1' class='invocation-failed'>
<tr><td colspan='4' align='center'><b>FAILED TESTS</b></td></tr>
<tr><td><b>Test method</b></td>
<td width="30%"><b>Exception</b></td>
<td width="10%"><b>Time (seconds)</b></td>
<td><b>Instance</b></td>
</tr>
<tr>
<td title='com.ninad.project.Billing.TestAuthenticate.testAuthenticate()'><b>testAuthenticate</b><br>Test class: com.ninad.project.Billing.TestAuthenticate<br>Parameters: admin, admin, f</td>
<td><div><pre>org.hibernate.exception.GenericJDBCException: Error accessing column metadata: billing.Bill
	at org.hibernate.exception.internal.StandardSQLExceptionConverter.convert(StandardSQLExceptionConverter.java:47)
	at org.hibernate.engine.jdbc.spi.SqlExceptionHelper.convert(SqlExceptionHelper.java:109)
	at org.hibernate.engine.jdbc.spi.SqlExceptionHelper.convert(SqlExceptionHelper.java:95)
	at org.hibernate.tool.schema.extract.internal.InformationExtractorJdbcDatabaseMetaDataImpl.convertSQLException(InformationExtractorJdbcDatabaseMetaDataImpl.java:99)
	at org.hibernate.tool.schema.extract.internal.InformationExtractorJdbcDatabaseMetaDataImpl.getColumn(InformationExtractorJdbcDatabaseMetaDataImpl.java:481)
	at org.hibernate.tool.schema.extract.internal.TableInformationImpl.getColumn(TableInformationImpl.java:68)
	at org.hibernate.mapping.Table.sqlAlterStrings(Table.java:456)
	at org.hibernate.tool.schema.internal.SchemaMigratorImpl.migrateTable(SchemaMigratorImpl.java:254)
	at org.hibernate.tool.schema.internal.SchemaMigratorImpl.doMigrationToTargets(SchemaMigratorImpl.java:170)
	at org.hibernate.tool.schema.internal.SchemaMigratorImpl.doMigration(SchemaMigratorImpl.java:60)
	at org.hibernate.tool.hbm2ddl.SchemaUpdate.execute(SchemaUpdate.java:134)
	at org.hibernate.tool.hbm2ddl.SchemaUpdate.execute(SchemaUpdate.java:101)
	at org.hibernate.internal.SessionFactoryImpl.&lt;init&gt;(SessionFactoryImpl.java:470)
	at org.hibernate.boot.internal.SessionFactoryBuilderImpl.build(SessionFactoryBuilderImpl.java:444)
	at org.hibernate.cfg.Configuration.buildSessionFactory(Configuration.java:708)
	at org.hibernate.cfg.Configuration.buildSessionFactory(Configuration.java:724)
	at com.ninad.project.utility.SessionFactoryUtil.getSessionFacory(SessionFactoryUtil.java:24)
	at com.ninad.project.utility.verifyPassword.verify(verifyPassword.java:20)
	at com.ninad.project.Billing.TestAuthenticate.testAuthenticate(TestAuthenticate.java:42)
	at sun.reflect.NativeMethodAccessorImpl.invoke0(Native Method)
	at sun.reflect.NativeMethodAccessorImpl.invoke(Unknown Source)
	at sun.reflect.DelegatingMethodAccessorImpl.invoke(Unknown Source)
	at java.lang.reflect.Method.invoke(Unknown Source)
	at org.testng.internal.MethodInvocationHelper.invokeMethod(MethodInvocationHelper.java:108)
	at org.testng.internal.Invoker.invokeMethod(Invoker.java:661)
	at org.testng.internal.Invoker.invokeTestMethod(Invoker.java:869)
	at org.testng.internal.Invoker.invokeTestMethods(Invoker.java:1193)
	at org.testng.internal.TestMethodWorker.invokeTestMethods(TestMethodWorker.java:126)
	at org.testng.internal.TestMethodWorker.run(TestMethodWorker.java:109)
	at org.testng.TestRunner.privateRun(TestRunner.java:744)
	at org.testng.TestRunner.run(TestRunner.java:602)
	at org.testng.SuiteRunner.runTest(SuiteRunner.java:380)
	at org.testng.SuiteRunner.runSequentially(SuiteRunner.java:375)
	at org.testng.SuiteRunner.privateRun(SuiteRunner.java:340)
	at org.testng.SuiteRunner.run(SuiteRunner.java:289)
	at org.testng.SuiteRunnerWorker.runSuite(SuiteRunnerWorker.java:52)
	at org.testng.SuiteRunnerWorker.run(SuiteRunnerWorker.java:86)
	at org.testng.TestNG.runSuitesSequentially(TestNG.java:1301)
	at org.testng.TestNG.runSuitesLocally(TestNG.java:1226)
	at org.testng.TestNG.runSuites(TestNG.java:1144)
	at org.testng.TestNG.run(TestNG.java:1115)
	at org.testng.remote.AbstractRemoteTestNG.run(AbstractRemoteTestNG.java:132)
	at org.testng.remote.RemoteTestNG.initAndRun(RemoteTestNG.java:230)
	at org.testng.remote.RemoteTestNG.main(RemoteTestNG.java:76)
Caused by: java.sql.SQLException: Error on delete of &apos;C:\Windows\SERVIC~2\NETWOR~1\AppData\Local\Temp\#sql850_42_4.MYD&apos; (Errcode: 13 - Permission denied)
	at com.mysql.jdbc.SQLError.createSQLException(SQLError.java:1055)
	at com.mysql.jdbc.SQLError.createSQLException(SQLError.java:956)
	at com.mysql.jdbc.MysqlIO.checkErrorPacket(MysqlIO.java:3558)
	at com.mysql.jdbc.MysqlIO.checkErrorPacket(MysqlIO.java:3490)
	at com.mysql.jdbc.MysqlIO.checkErrorPacket(MysqlIO.java:919)
	at com.mysql.jdbc.MysqlIO.nextRow(MysqlIO.java:1416)
	at com.mysql.jdbc.MysqlIO.readSingleRowSet(MysqlIO.java:2883)
	at com.mysql.jdbc.MysqlIO.getResultSet(MysqlIO.java:476)
	at com.mysql.jdbc.MysqlIO.readResultsForQueryOrUpdate(MysqlIO.java:2576)
	at com.mysql.jdbc.MysqlIO.readAllResults(MysqlIO.java:1757)
	at com.mysql.jdbc.MysqlIO.sqlQueryDirect(MysqlIO.java:2167)
	at com.mysql.jdbc.ConnectionImpl.execSQL(ConnectionImpl.java:2637)
	at com.mysql.jdbc.ConnectionImpl.execSQL(ConnectionImpl.java:2566)
	at com.mysql.jdbc.StatementImpl.executeQuery(StatementImpl.java:1464)
	at com.mysql.jdbc.DatabaseMetaData$2.forEach(DatabaseMetaData.java:2456)
	at com.mysql.jdbc.IterateBlock.doForAll(IterateBlock.java:50)
	at com.mysql.jdbc.DatabaseMetaData.getColumns(DatabaseMetaData.java:2346)
	at org.hibernate.tool.schema.extract.internal.InformationExtractorJdbcDatabaseMetaDataImpl.getColumn(InformationExtractorJdbcDatabaseMetaDataImpl.java:454)
	... 39 more
</pre></div><a href='#' onClick='toggleBox("stack-trace19598726", this, "Click to show all stack frames", "Click to hide stack frames")'>Click to show all stack frames</a>
<div class='stack-trace' id='stack-trace19598726'><pre>org.hibernate.exception.GenericJDBCException: Error accessing column metadata: billing.Bill
	at org.hibernate.exception.internal.StandardSQLExceptionConverter.convert(StandardSQLExceptionConverter.java:47)
	at org.hibernate.engine.jdbc.spi.SqlExceptionHelper.convert(SqlExceptionHelper.java:109)
	at org.hibernate.engine.jdbc.spi.SqlExceptionHelper.convert(SqlExceptionHelper.java:95)
	at org.hibernate.tool.schema.extract.internal.InformationExtractorJdbcDatabaseMetaDataImpl.convertSQLException(InformationExtractorJdbcDatabaseMetaDataImpl.java:99)
	at org.hibernate.tool.schema.extract.internal.InformationExtractorJdbcDatabaseMetaDataImpl.getColumn(InformationExtractorJdbcDatabaseMetaDataImpl.java:481)
	at org.hibernate.tool.schema.extract.internal.TableInformationImpl.getColumn(TableInformationImpl.java:68)
	at org.hibernate.mapping.Table.sqlAlterStrings(Table.java:456)
	at org.hibernate.tool.schema.internal.SchemaMigratorImpl.migrateTable(SchemaMigratorImpl.java:254)
	at org.hibernate.tool.schema.internal.SchemaMigratorImpl.doMigrationToTargets(SchemaMigratorImpl.java:170)
	at org.hibernate.tool.schema.internal.SchemaMigratorImpl.doMigration(SchemaMigratorImpl.java:60)
	at org.hibernate.tool.hbm2ddl.SchemaUpdate.execute(SchemaUpdate.java:134)
	at org.hibernate.tool.hbm2ddl.SchemaUpdate.execute(SchemaUpdate.java:101)
	at org.hibernate.internal.SessionFactoryImpl.&lt;init&gt;(SessionFactoryImpl.java:470)
	at org.hibernate.boot.internal.SessionFactoryBuilderImpl.build(SessionFactoryBuilderImpl.java:444)
	at org.hibernate.cfg.Configuration.buildSessionFactory(Configuration.java:708)
	at org.hibernate.cfg.Configuration.buildSessionFactory(Configuration.java:724)
	at com.ninad.project.utility.SessionFactoryUtil.getSessionFacory(SessionFactoryUtil.java:24)
	at com.ninad.project.utility.verifyPassword.verify(verifyPassword.java:20)
	at com.ninad.project.Billing.TestAuthenticate.testAuthenticate(TestAuthenticate.java:42)
	at sun.reflect.NativeMethodAccessorImpl.invoke0(Native Method)
	at sun.reflect.NativeMethodAccessorImpl.invoke(Unknown Source)
	at sun.reflect.DelegatingMethodAccessorImpl.invoke(Unknown Source)
	at java.lang.reflect.Method.invoke(Unknown Source)
	at org.testng.internal.MethodInvocationHelper.invokeMethod(MethodInvocationHelper.java:108)
	at org.testng.internal.Invoker.invokeMethod(Invoker.java:661)
	at org.testng.internal.Invoker.invokeTestMethod(Invoker.java:869)
	at org.testng.internal.Invoker.invokeTestMethods(Invoker.java:1193)
	at org.testng.internal.TestMethodWorker.invokeTestMethods(TestMethodWorker.java:126)
	at org.testng.internal.TestMethodWorker.run(TestMethodWorker.java:109)
	at org.testng.TestRunner.privateRun(TestRunner.java:744)
	at org.testng.TestRunner.run(TestRunner.java:602)
	at org.testng.SuiteRunner.runTest(SuiteRunner.java:380)
	at org.testng.SuiteRunner.runSequentially(SuiteRunner.java:375)
	at org.testng.SuiteRunner.privateRun(SuiteRunner.java:340)
	at org.testng.SuiteRunner.run(SuiteRunner.java:289)
	at org.testng.SuiteRunnerWorker.runSuite(SuiteRunnerWorker.java:52)
	at org.testng.SuiteRunnerWorker.run(SuiteRunnerWorker.java:86)
	at org.testng.TestNG.runSuitesSequentially(TestNG.java:1301)
	at org.testng.TestNG.runSuitesLocally(TestNG.java:1226)
	at org.testng.TestNG.runSuites(TestNG.java:1144)
	at org.testng.TestNG.run(TestNG.java:1115)
	at org.testng.remote.AbstractRemoteTestNG.run(AbstractRemoteTestNG.java:132)
	at org.testng.remote.RemoteTestNG.initAndRun(RemoteTestNG.java:230)
	at org.testng.remote.RemoteTestNG.main(RemoteTestNG.java:76)
Caused by: java.sql.SQLException: Error on delete of &apos;C:\Windows\SERVIC~2\NETWOR~1\AppData\Local\Temp\#sql850_42_4.MYD&apos; (Errcode: 13 - Permission denied)
	at com.mysql.jdbc.SQLError.createSQLException(SQLError.java:1055)
	at com.mysql.jdbc.SQLError.createSQLException(SQLError.java:956)
	at com.mysql.jdbc.MysqlIO.checkErrorPacket(MysqlIO.java:3558)
	at com.mysql.jdbc.MysqlIO.checkErrorPacket(MysqlIO.java:3490)
	at com.mysql.jdbc.MysqlIO.checkErrorPacket(MysqlIO.java:919)
	at com.mysql.jdbc.MysqlIO.nextRow(MysqlIO.java:1416)
	at com.mysql.jdbc.MysqlIO.readSingleRowSet(MysqlIO.java:2883)
	at com.mysql.jdbc.MysqlIO.getResultSet(MysqlIO.java:476)
	at com.mysql.jdbc.MysqlIO.readResultsForQueryOrUpdate(MysqlIO.java:2576)
	at com.mysql.jdbc.MysqlIO.readAllResults(MysqlIO.java:1757)
	at com.mysql.jdbc.MysqlIO.sqlQueryDirect(MysqlIO.java:2167)
	at com.mysql.jdbc.ConnectionImpl.execSQL(ConnectionImpl.java:2637)
	at com.mysql.jdbc.ConnectionImpl.execSQL(ConnectionImpl.java:2566)
	at com.mysql.jdbc.StatementImpl.executeQuery(StatementImpl.java:1464)
	at com.mysql.jdbc.DatabaseMetaData$2.forEach(DatabaseMetaData.java:2456)
	at com.mysql.jdbc.IterateBlock.doForAll(IterateBlock.java:50)
	at com.mysql.jdbc.DatabaseMetaData.getColumns(DatabaseMetaData.java:2346)
	at org.hibernate.tool.schema.extract.internal.InformationExtractorJdbcDatabaseMetaDataImpl.getColumn(InformationExtractorJdbcDatabaseMetaDataImpl.java:454)
	... 39 more
</pre></div></td>
<td>2</td>
<td>com.ninad.project.Billing.TestAuthenticate@f5e5e3</td></tr>
</table><p>
<table width='100%' border='1' class='invocation-passed'>
<tr><td colspan='4' align='center'><b>PASSED TESTS</b></td></tr>
<tr><td><b>Test method</b></td>
<td width="30%"><b>Exception</b></td>
<td width="10%"><b>Time (seconds)</b></td>
<td><b>Instance</b></td>
</tr>
<tr>
<td title='com.ninad.project.Billing.TestAuthenticate.testAuthenticate()'><b>testAuthenticate</b><br>Test class: com.ninad.project.Billing.TestAuthenticate<br>Parameters: adsg, zxczxcz, f</td>
<td></td>
<td>0</td>
<td>com.ninad.project.Billing.TestAuthenticate@f5e5e3</td></tr>
<tr>
<td title='com.ninad.project.Billing.TestAuthenticate.testAuthenticate()'><b>testAuthenticate</b><br>Test class: com.ninad.project.Billing.TestAuthenticate<br>Parameters: abc, admin, f</td>
<td></td>
<td>0</td>
<td>com.ninad.project.Billing.TestAuthenticate@f5e5e3</td></tr>
</table><p>
</body>
</html>